2025-01-31T10:18:04.710Z  INFO 390583 --- [main] c.cgi.loginapp.LoginAppApplicationTests  : Starting LoginAppApplicationTests using Java 17.0.13 with PID 390583 (started by ec2-user in /home/ec2-user/online-store/users-microservices)
2025-01-31T10:18:04.711Z DEBUG 390583 --- [main] c.cgi.loginapp.LoginAppApplicationTests  : Running with Spring Boot v3.4.1, Spring v6.2.1
2025-01-31T10:18:04.712Z  INFO 390583 --- [main] c.cgi.loginapp.LoginAppApplicationTests  : No active profile set, falling back to 1 default profile: "default"
2025-01-31T10:18:05.989Z  INFO 390583 --- [main] .s.d.r.c.RepositoryConfigurationDelegate : Bootstrapping Spring Data JPA repositories in DEFAULT mode.
2025-01-31T10:18:06.105Z  INFO 390583 --- [main] .s.d.r.c.RepositoryConfigurationDelegate : Finished Spring Data repository scanning in 96 ms. Found 1 JPA repository interface.
2025-01-31T10:18:06.929Z  INFO 390583 --- [main] o.hibernate.jpa.internal.util.LogHelper  : HHH000204: Processing PersistenceUnitInfo [name: default]
2025-01-31T10:18:07.055Z  INFO 390583 --- [main] org.hibernate.Version                    : HHH000412: Hibernate ORM core version 6.6.4.Final
2025-01-31T10:18:07.106Z  INFO 390583 --- [main] o.h.c.internal.RegionFactoryInitiator    : HHH000026: Second-level cache disabled
2025-01-31T10:18:07.600Z  INFO 390583 --- [main] o.s.o.j.p.SpringPersistenceUnitInfo      : No LoadTimeWeaver setup: ignoring JPA class transformer
2025-01-31T10:18:07.645Z  INFO 390583 --- [main] com.zaxxer.hikari.HikariDataSource       : HikariPool-1 - Starting...
2025-01-31T10:18:07.993Z  INFO 390583 --- [main] com.zaxxer.hikari.pool.HikariPool        : HikariPool-1 - Added connection com.mysql.cj.jdbc.ConnectionImpl@4403bff8
2025-01-31T10:18:07.994Z  INFO 390583 --- [main] com.zaxxer.hikari.HikariDataSource       : HikariPool-1 - Start completed.
2025-01-31T10:18:08.094Z  WARN 390583 --- [main] org.hibernate.orm.deprecation            : HHH90000025: MySQL8Dialect does not need to be specified explicitly using 'hibernate.dialect' (remove the property setting and it will be selected by default)
2025-01-31T10:18:08.095Z  WARN 390583 --- [main] org.hibernate.orm.deprecation            : HHH90000026: MySQL8Dialect has been deprecated; use org.hibernate.dialect.MySQLDialect instead
2025-01-31T10:18:08.135Z  INFO 390583 --- [main] org.hibernate.orm.connections.pooling    : HHH10001005: Database info:
	Database JDBC URL [Connecting through datasource 'HikariDataSource (HikariPool-1)']
	Database driver: undefined/unknown
	Database version: 8.0
	Autocommit mode: undefined/unknown
	Isolation level: undefined/unknown
	Minimum pool size: undefined/unknown
	Maximum pool size: undefined/unknown
2025-01-31T10:18:09.811Z  INFO 390583 --- [main] o.h.e.t.j.p.i.JtaPlatformInitiator       : HHH000489: No JTA platform available (set 'hibernate.transaction.jta.platform' to enable JTA platform integration)
2025-01-31T10:18:09.910Z  INFO 390583 --- [main] j.LocalContainerEntityManagerFactoryBean : Initialized JPA EntityManagerFactory for persistence unit 'default'
2025-01-31T10:18:10.754Z  WARN 390583 --- [main] JpaBaseConfiguration$JpaWebConfiguration : spring.jpa.open-in-view is enabled by default. Therefore, database queries may be performed during view rendering. Explicitly configure spring.jpa.open-in-view to disable this warning
2025-01-31T10:18:10.800Z  INFO 390583 --- [main] o.s.b.a.w.s.WelcomePageHandlerMapping    : Adding welcome page: class path resource [static/index.html]
2025-01-31T10:18:10.883Z  INFO 390583 --- [main] o.s.v.b.OptionalValidatorFactoryBean     : Failed to set up a Bean Validation provider: jakarta.validation.NoProviderFoundException: Unable to create a Configuration, because no Jakarta Bean Validation provider could be found. Add a provider like Hibernate Validator (RI) to your classpath.
2025-01-31T10:18:11.613Z  INFO 390583 --- [main] c.cgi.loginapp.LoginAppApplicationTests  : Started LoginAppApplicationTests in 7.64 seconds (process running for 9.668)
2025-01-31T10:18:12.655Z  INFO 390583 --- [SpringApplicationShutdownHook] j.LocalContainerEntityManagerFactoryBean : Closing JPA EntityManagerFactory for persistence unit 'default'
2025-01-31T10:18:12.664Z  INFO 390583 --- [SpringApplicationShutdownHook] com.zaxxer.hikari.HikariDataSource       : HikariPool-1 - Shutdown initiated...
2025-01-31T10:18:12.693Z  INFO 390583 --- [SpringApplicationShutdownHook] com.zaxxer.hikari.HikariDataSource       : HikariPool-1 - Shutdown completed.
2025-01-31T10:58:16.689Z  INFO 393038 --- [main] c.cgi.loginapp.LoginAppApplicationTests  : Starting LoginAppApplicationTests using Java 17.0.13 with PID 393038 (started by ec2-user in /home/ec2-user/online-store/users-microservices)
2025-01-31T10:58:16.690Z DEBUG 393038 --- [main] c.cgi.loginapp.LoginAppApplicationTests  : Running with Spring Boot v3.4.1, Spring v6.2.1
2025-01-31T10:58:16.696Z  INFO 393038 --- [main] c.cgi.loginapp.LoginAppApplicationTests  : No active profile set, falling back to 1 default profile: "default"
2025-01-31T10:58:17.988Z  INFO 393038 --- [main] .s.d.r.c.RepositoryConfigurationDelegate : Bootstrapping Spring Data JPA repositories in DEFAULT mode.
2025-01-31T10:58:18.101Z  INFO 393038 --- [main] .s.d.r.c.RepositoryConfigurationDelegate : Finished Spring Data repository scanning in 91 ms. Found 1 JPA repository interface.
2025-01-31T10:58:18.991Z  INFO 393038 --- [main] o.hibernate.jpa.internal.util.LogHelper  : HHH000204: Processing PersistenceUnitInfo [name: default]
2025-01-31T10:58:19.134Z  INFO 393038 --- [main] org.hibernate.Version                    : HHH000412: Hibernate ORM core version 6.6.4.Final
2025-01-31T10:58:19.193Z  INFO 393038 --- [main] o.h.c.internal.RegionFactoryInitiator    : HHH000026: Second-level cache disabled
2025-01-31T10:58:19.667Z  INFO 393038 --- [main] o.s.o.j.p.SpringPersistenceUnitInfo      : No LoadTimeWeaver setup: ignoring JPA class transformer
2025-01-31T10:58:19.718Z  INFO 393038 --- [main] com.zaxxer.hikari.HikariDataSource       : HikariPool-1 - Starting...
2025-01-31T10:58:20.078Z  INFO 393038 --- [main] com.zaxxer.hikari.pool.HikariPool        : HikariPool-1 - Added connection com.mysql.cj.jdbc.ConnectionImpl@3c07e830
2025-01-31T10:58:20.079Z  INFO 393038 --- [main] com.zaxxer.hikari.HikariDataSource       : HikariPool-1 - Start completed.
2025-01-31T10:58:20.172Z  WARN 393038 --- [main] org.hibernate.orm.deprecation            : HHH90000025: MySQL8Dialect does not need to be specified explicitly using 'hibernate.dialect' (remove the property setting and it will be selected by default)
2025-01-31T10:58:20.173Z  WARN 393038 --- [main] org.hibernate.orm.deprecation            : HHH90000026: MySQL8Dialect has been deprecated; use org.hibernate.dialect.MySQLDialect instead
2025-01-31T10:58:20.225Z  INFO 393038 --- [main] org.hibernate.orm.connections.pooling    : HHH10001005: Database info:
	Database JDBC URL [Connecting through datasource 'HikariDataSource (HikariPool-1)']
	Database driver: undefined/unknown
	Database version: 8.0
	Autocommit mode: undefined/unknown
	Isolation level: undefined/unknown
	Minimum pool size: undefined/unknown
	Maximum pool size: undefined/unknown
2025-01-31T10:58:21.896Z  INFO 393038 --- [main] o.h.e.t.j.p.i.JtaPlatformInitiator       : HHH000489: No JTA platform available (set 'hibernate.transaction.jta.platform' to enable JTA platform integration)
2025-01-31T10:58:22.016Z  INFO 393038 --- [main] j.LocalContainerEntityManagerFactoryBean : Initialized JPA EntityManagerFactory for persistence unit 'default'
2025-01-31T10:58:22.880Z  WARN 393038 --- [main] JpaBaseConfiguration$JpaWebConfiguration : spring.jpa.open-in-view is enabled by default. Therefore, database queries may be performed during view rendering. Explicitly configure spring.jpa.open-in-view to disable this warning
2025-01-31T10:58:22.937Z  INFO 393038 --- [main] o.s.b.a.w.s.WelcomePageHandlerMapping    : Adding welcome page: class path resource [static/index.html]
2025-01-31T10:58:23.009Z  INFO 393038 --- [main] o.s.v.b.OptionalValidatorFactoryBean     : Failed to set up a Bean Validation provider: jakarta.validation.NoProviderFoundException: Unable to create a Configuration, because no Jakarta Bean Validation provider could be found. Add a provider like Hibernate Validator (RI) to your classpath.
2025-01-31T10:58:23.723Z  INFO 393038 --- [main] c.cgi.loginapp.LoginAppApplicationTests  : Started LoginAppApplicationTests in 7.695 seconds (process running for 9.69)
2025-01-31T10:58:24.769Z  INFO 393038 --- [SpringApplicationShutdownHook] j.LocalContainerEntityManagerFactoryBean : Closing JPA EntityManagerFactory for persistence unit 'default'
2025-01-31T10:58:24.773Z  INFO 393038 --- [SpringApplicationShutdownHook] com.zaxxer.hikari.HikariDataSource       : HikariPool-1 - Shutdown initiated...
2025-01-31T10:58:24.804Z  INFO 393038 --- [SpringApplicationShutdownHook] com.zaxxer.hikari.HikariDataSource       : HikariPool-1 - Shutdown completed.
2025-01-31T11:17:32.319Z  INFO 393993 --- [main] c.cgi.loginapp.LoginAppApplicationTests  : Starting LoginAppApplicationTests using Java 17.0.13 with PID 393993 (started by ec2-user in /home/ec2-user/online-store/users-microservices)
2025-01-31T11:17:32.323Z DEBUG 393993 --- [main] c.cgi.loginapp.LoginAppApplicationTests  : Running with Spring Boot v3.4.1, Spring v6.2.1
2025-01-31T11:17:32.324Z  INFO 393993 --- [main] c.cgi.loginapp.LoginAppApplicationTests  : No active profile set, falling back to 1 default profile: "default"
2025-01-31T11:17:33.633Z  INFO 393993 --- [main] .s.d.r.c.RepositoryConfigurationDelegate : Bootstrapping Spring Data JPA repositories in DEFAULT mode.
2025-01-31T11:17:33.744Z  INFO 393993 --- [main] .s.d.r.c.RepositoryConfigurationDelegate : Finished Spring Data repository scanning in 89 ms. Found 1 JPA repository interface.
2025-01-31T11:17:34.601Z  INFO 393993 --- [main] o.hibernate.jpa.internal.util.LogHelper  : HHH000204: Processing PersistenceUnitInfo [name: default]
2025-01-31T11:17:34.735Z  INFO 393993 --- [main] org.hibernate.Version                    : HHH000412: Hibernate ORM core version 6.6.4.Final
2025-01-31T11:17:34.786Z  INFO 393993 --- [main] o.h.c.internal.RegionFactoryInitiator    : HHH000026: Second-level cache disabled
2025-01-31T11:17:35.289Z  INFO 393993 --- [main] o.s.o.j.p.SpringPersistenceUnitInfo      : No LoadTimeWeaver setup: ignoring JPA class transformer
2025-01-31T11:17:35.342Z  INFO 393993 --- [main] com.zaxxer.hikari.HikariDataSource       : HikariPool-1 - Starting...
2025-01-31T11:17:35.690Z  INFO 393993 --- [main] com.zaxxer.hikari.pool.HikariPool        : HikariPool-1 - Added connection com.mysql.cj.jdbc.ConnectionImpl@3c07e830
2025-01-31T11:17:35.693Z  INFO 393993 --- [main] com.zaxxer.hikari.HikariDataSource       : HikariPool-1 - Start completed.
2025-01-31T11:17:35.780Z  WARN 393993 --- [main] org.hibernate.orm.deprecation            : HHH90000025: MySQL8Dialect does not need to be specified explicitly using 'hibernate.dialect' (remove the property setting and it will be selected by default)
2025-01-31T11:17:35.780Z  WARN 393993 --- [main] org.hibernate.orm.deprecation            : HHH90000026: MySQL8Dialect has been deprecated; use org.hibernate.dialect.MySQLDialect instead
2025-01-31T11:17:35.826Z  INFO 393993 --- [main] org.hibernate.orm.connections.pooling    : HHH10001005: Database info:
	Database JDBC URL [Connecting through datasource 'HikariDataSource (HikariPool-1)']
	Database driver: undefined/unknown
	Database version: 8.0
	Autocommit mode: undefined/unknown
	Isolation level: undefined/unknown
	Minimum pool size: undefined/unknown
	Maximum pool size: undefined/unknown
2025-01-31T11:17:37.471Z  INFO 393993 --- [main] o.h.e.t.j.p.i.JtaPlatformInitiator       : HHH000489: No JTA platform available (set 'hibernate.transaction.jta.platform' to enable JTA platform integration)
2025-01-31T11:17:37.573Z  INFO 393993 --- [main] j.LocalContainerEntityManagerFactoryBean : Initialized JPA EntityManagerFactory for persistence unit 'default'
2025-01-31T11:17:38.387Z  WARN 393993 --- [main] JpaBaseConfiguration$JpaWebConfiguration : spring.jpa.open-in-view is enabled by default. Therefore, database queries may be performed during view rendering. Explicitly configure spring.jpa.open-in-view to disable this warning
2025-01-31T11:17:38.427Z  INFO 393993 --- [main] o.s.b.a.w.s.WelcomePageHandlerMapping    : Adding welcome page: class path resource [static/index.html]
2025-01-31T11:17:38.505Z  INFO 393993 --- [main] o.s.v.b.OptionalValidatorFactoryBean     : Failed to set up a Bean Validation provider: jakarta.validation.NoProviderFoundException: Unable to create a Configuration, because no Jakarta Bean Validation provider could be found. Add a provider like Hibernate Validator (RI) to your classpath.
2025-01-31T11:17:39.215Z  INFO 393993 --- [main] c.cgi.loginapp.LoginAppApplicationTests  : Started LoginAppApplicationTests in 7.584 seconds (process running for 9.462)
2025-01-31T11:17:40.273Z  INFO 393993 --- [SpringApplicationShutdownHook] j.LocalContainerEntityManagerFactoryBean : Closing JPA EntityManagerFactory for persistence unit 'default'
2025-01-31T11:17:40.275Z  INFO 393993 --- [SpringApplicationShutdownHook] com.zaxxer.hikari.HikariDataSource       : HikariPool-1 - Shutdown initiated...
2025-01-31T11:17:40.309Z  INFO 393993 --- [SpringApplicationShutdownHook] com.zaxxer.hikari.HikariDataSource       : HikariPool-1 - Shutdown completed.
2025-01-31T11:53:23.382Z  INFO 396568 --- [main] c.cgi.loginapp.LoginAppApplicationTests  : Starting LoginAppApplicationTests using Java 17.0.13 with PID 396568 (started by ec2-user in /home/ec2-user/online-store/users-microservices)
2025-01-31T11:53:23.383Z DEBUG 396568 --- [main] c.cgi.loginapp.LoginAppApplicationTests  : Running with Spring Boot v3.4.1, Spring v6.2.1
2025-01-31T11:53:23.385Z  INFO 396568 --- [main] c.cgi.loginapp.LoginAppApplicationTests  : No active profile set, falling back to 1 default profile: "default"
2025-01-31T11:53:24.776Z  INFO 396568 --- [main] .s.d.r.c.RepositoryConfigurationDelegate : Bootstrapping Spring Data JPA repositories in DEFAULT mode.
2025-01-31T11:53:24.879Z  INFO 396568 --- [main] .s.d.r.c.RepositoryConfigurationDelegate : Finished Spring Data repository scanning in 86 ms. Found 1 JPA repository interface.
2025-01-31T11:53:25.815Z  INFO 396568 --- [main] o.hibernate.jpa.internal.util.LogHelper  : HHH000204: Processing PersistenceUnitInfo [name: default]
2025-01-31T11:53:25.948Z  INFO 396568 --- [main] org.hibernate.Version                    : HHH000412: Hibernate ORM core version 6.6.4.Final
2025-01-31T11:53:26.059Z  INFO 396568 --- [main] o.h.c.internal.RegionFactoryInitiator    : HHH000026: Second-level cache disabled
2025-01-31T11:53:26.663Z  INFO 396568 --- [main] o.s.o.j.p.SpringPersistenceUnitInfo      : No LoadTimeWeaver setup: ignoring JPA class transformer
2025-01-31T11:53:26.731Z  INFO 396568 --- [main] com.zaxxer.hikari.HikariDataSource       : HikariPool-1 - Starting...
2025-01-31T11:53:27.132Z  INFO 396568 --- [main] com.zaxxer.hikari.pool.HikariPool        : HikariPool-1 - Added connection com.mysql.cj.jdbc.ConnectionImpl@2b35c7aa
2025-01-31T11:53:27.134Z  INFO 396568 --- [main] com.zaxxer.hikari.HikariDataSource       : HikariPool-1 - Start completed.
2025-01-31T11:53:27.228Z  WARN 396568 --- [main] org.hibernate.orm.deprecation            : HHH90000025: MySQL8Dialect does not need to be specified explicitly using 'hibernate.dialect' (remove the property setting and it will be selected by default)
2025-01-31T11:53:27.233Z  WARN 396568 --- [main] org.hibernate.orm.deprecation            : HHH90000026: MySQL8Dialect has been deprecated; use org.hibernate.dialect.MySQLDialect instead
2025-01-31T11:53:27.276Z  INFO 396568 --- [main] org.hibernate.orm.connections.pooling    : HHH10001005: Database info:
	Database JDBC URL [Connecting through datasource 'HikariDataSource (HikariPool-1)']
	Database driver: undefined/unknown
	Database version: 8.0
	Autocommit mode: undefined/unknown
	Isolation level: undefined/unknown
	Minimum pool size: undefined/unknown
	Maximum pool size: undefined/unknown
2025-01-31T11:53:29.051Z  INFO 396568 --- [main] o.h.e.t.j.p.i.JtaPlatformInitiator       : HHH000489: No JTA platform available (set 'hibernate.transaction.jta.platform' to enable JTA platform integration)
2025-01-31T11:53:29.132Z  INFO 396568 --- [main] j.LocalContainerEntityManagerFactoryBean : Initialized JPA EntityManagerFactory for persistence unit 'default'
2025-01-31T11:53:30.026Z  WARN 396568 --- [main] JpaBaseConfiguration$JpaWebConfiguration : spring.jpa.open-in-view is enabled by default. Therefore, database queries may be performed during view rendering. Explicitly configure spring.jpa.open-in-view to disable this warning
2025-01-31T11:53:30.084Z  INFO 396568 --- [main] o.s.b.a.w.s.WelcomePageHandlerMapping    : Adding welcome page: class path resource [static/index.html]
2025-01-31T11:53:30.187Z  INFO 396568 --- [main] o.s.v.b.OptionalValidatorFactoryBean     : Failed to set up a Bean Validation provider: jakarta.validation.NoProviderFoundException: Unable to create a Configuration, because no Jakarta Bean Validation provider could be found. Add a provider like Hibernate Validator (RI) to your classpath.
2025-01-31T11:53:30.938Z  INFO 396568 --- [main] c.cgi.loginapp.LoginAppApplicationTests  : Started LoginAppApplicationTests in 8.344 seconds (process running for 10.645)
2025-01-31T11:53:32.034Z  INFO 396568 --- [SpringApplicationShutdownHook] j.LocalContainerEntityManagerFactoryBean : Closing JPA EntityManagerFactory for persistence unit 'default'
2025-01-31T11:53:32.038Z  INFO 396568 --- [SpringApplicationShutdownHook] com.zaxxer.hikari.HikariDataSource       : HikariPool-1 - Shutdown initiated...
2025-01-31T11:53:32.069Z  INFO 396568 --- [SpringApplicationShutdownHook] com.zaxxer.hikari.HikariDataSource       : HikariPool-1 - Shutdown completed.
2025-01-31T11:57:31.968Z  INFO 396951 --- [main] c.cgi.loginapp.LoginAppApplicationTests  : Starting LoginAppApplicationTests using Java 17.0.13 with PID 396951 (started by ec2-user in /home/ec2-user/online-store/users-microservices)
2025-01-31T11:57:31.974Z DEBUG 396951 --- [main] c.cgi.loginapp.LoginAppApplicationTests  : Running with Spring Boot v3.4.1, Spring v6.2.1
2025-01-31T11:57:31.976Z  INFO 396951 --- [main] c.cgi.loginapp.LoginAppApplicationTests  : No active profile set, falling back to 1 default profile: "default"
2025-01-31T11:57:33.278Z  INFO 396951 --- [main] .s.d.r.c.RepositoryConfigurationDelegate : Bootstrapping Spring Data JPA repositories in DEFAULT mode.
2025-01-31T11:57:33.387Z  INFO 396951 --- [main] .s.d.r.c.RepositoryConfigurationDelegate : Finished Spring Data repository scanning in 81 ms. Found 1 JPA repository interface.
2025-01-31T11:57:34.290Z  INFO 396951 --- [main] o.hibernate.jpa.internal.util.LogHelper  : HHH000204: Processing PersistenceUnitInfo [name: default]
2025-01-31T11:57:34.372Z  INFO 396951 --- [main] org.hibernate.Version                    : HHH000412: Hibernate ORM core version 6.6.4.Final
2025-01-31T11:57:34.449Z  INFO 396951 --- [main] o.h.c.internal.RegionFactoryInitiator    : HHH000026: Second-level cache disabled
2025-01-31T11:57:34.943Z  INFO 396951 --- [main] o.s.o.j.p.SpringPersistenceUnitInfo      : No LoadTimeWeaver setup: ignoring JPA class transformer
2025-01-31T11:57:34.999Z  INFO 396951 --- [main] com.zaxxer.hikari.HikariDataSource       : HikariPool-1 - Starting...
2025-01-31T11:57:35.349Z  INFO 396951 --- [main] com.zaxxer.hikari.pool.HikariPool        : HikariPool-1 - Added connection com.mysql.cj.jdbc.ConnectionImpl@2b35c7aa
2025-01-31T11:57:35.364Z  INFO 396951 --- [main] com.zaxxer.hikari.HikariDataSource       : HikariPool-1 - Start completed.
2025-01-31T11:57:35.463Z  WARN 396951 --- [main] org.hibernate.orm.deprecation            : HHH90000025: MySQL8Dialect does not need to be specified explicitly using 'hibernate.dialect' (remove the property setting and it will be selected by default)
2025-01-31T11:57:35.464Z  WARN 396951 --- [main] org.hibernate.orm.deprecation            : HHH90000026: MySQL8Dialect has been deprecated; use org.hibernate.dialect.MySQLDialect instead
2025-01-31T11:57:35.491Z  INFO 396951 --- [main] org.hibernate.orm.connections.pooling    : HHH10001005: Database info:
	Database JDBC URL [Connecting through datasource 'HikariDataSource (HikariPool-1)']
	Database driver: undefined/unknown
	Database version: 8.0
	Autocommit mode: undefined/unknown
	Isolation level: undefined/unknown
	Minimum pool size: undefined/unknown
	Maximum pool size: undefined/unknown
2025-01-31T11:57:37.241Z  INFO 396951 --- [main] o.h.e.t.j.p.i.JtaPlatformInitiator       : HHH000489: No JTA platform available (set 'hibernate.transaction.jta.platform' to enable JTA platform integration)
2025-01-31T11:57:37.356Z  INFO 396951 --- [main] j.LocalContainerEntityManagerFactoryBean : Initialized JPA EntityManagerFactory for persistence unit 'default'
2025-01-31T11:57:38.191Z  WARN 396951 --- [main] JpaBaseConfiguration$JpaWebConfiguration : spring.jpa.open-in-view is enabled by default. Therefore, database queries may be performed during view rendering. Explicitly configure spring.jpa.open-in-view to disable this warning
2025-01-31T11:57:38.241Z  INFO 396951 --- [main] o.s.b.a.w.s.WelcomePageHandlerMapping    : Adding welcome page: class path resource [static/index.html]
2025-01-31T11:57:38.313Z  INFO 396951 --- [main] o.s.v.b.OptionalValidatorFactoryBean     : Failed to set up a Bean Validation provider: jakarta.validation.NoProviderFoundException: Unable to create a Configuration, because no Jakarta Bean Validation provider could be found. Add a provider like Hibernate Validator (RI) to your classpath.
2025-01-31T11:57:39.039Z  INFO 396951 --- [main] c.cgi.loginapp.LoginAppApplicationTests  : Started LoginAppApplicationTests in 7.783 seconds (process running for 9.964)
2025-01-31T11:57:40.126Z  INFO 396951 --- [SpringApplicationShutdownHook] j.LocalContainerEntityManagerFactoryBean : Closing JPA EntityManagerFactory for persistence unit 'default'
2025-01-31T11:57:40.131Z  INFO 396951 --- [SpringApplicationShutdownHook] com.zaxxer.hikari.HikariDataSource       : HikariPool-1 - Shutdown initiated...
2025-01-31T11:57:40.163Z  INFO 396951 --- [SpringApplicationShutdownHook] com.zaxxer.hikari.HikariDataSource       : HikariPool-1 - Shutdown completed.
